virtualenv -p python3 --no-site-packages .venv
Already using interpreter /usr/bin/python3
Using base prefix '/usr'
New python executable in /home/dikey/git_project/buildbot/buildbot/.venv/bin/python3
Also creating executable in /home/dikey/git_project/buildbot/buildbot/.venv/bin/python
Installing setuptools, pkg_resources, pip, wheel...done.
.venv/bin/pip install -U pip setuptools
Requirement already up-to-date: pip in ./.venv/lib/python3.5/site-packages (20.2b1)
Requirement already up-to-date: setuptools in ./.venv/lib/python3.5/site-packages (47.1.1)
.venv/bin/pip install -e pkg \
	-e 'master[tls,test,docs]' \
	-e 'worker[test]' \
	buildbot_www packaging towncrier
Obtaining file:///home/dikey/git_project/buildbot/buildbot/pkg
Obtaining file:///home/dikey/git_project/buildbot/buildbot/master
Obtaining file:///home/dikey/git_project/buildbot/buildbot/worker
Collecting buildbot_www
  Downloading buildbot_www-2.8.0-py3-none-any.whl (3.2 MB)
Collecting packaging
  Using cached packaging-20.4-py2.py3-none-any.whl (37 kB)
Collecting towncrier
  Using cached towncrier-19.2.0-py2.py3-none-any.whl (20 kB)
Requirement already satisfied: setuptools>=21.2.1 in ./.venv/lib/python3.5/site-packages (from buildbot-pkg==2.7.1.dev1) (47.1.1)
Collecting Twisted>=17.9.0
  Using cached Twisted-20.3.0-cp35-cp35m-manylinux1_x86_64.whl (3.1 MB)
Collecting Jinja2>=2.1
  Using cached Jinja2-2.11.2-py2.py3-none-any.whl (125 kB)
Collecting zope.interface>=4.1.1
  Using cached zope.interface-5.1.0-cp35-cp35m-manylinux2010_x86_64.whl (234 kB)
Collecting sqlalchemy>=1.1.0
  Using cached SQLAlchemy-1.3.17-cp35-cp35m-manylinux2010_x86_64.whl (1.2 MB)
Collecting sqlalchemy-migrate>=0.9
  Using cached sqlalchemy_migrate-0.13.0-py2.py3-none-any.whl (109 kB)
Collecting python-dateutil>=1.5
  Using cached python_dateutil-2.8.1-py2.py3-none-any.whl (227 kB)
Collecting txaio>=2.2.2
  Using cached txaio-20.4.1-py2.py3-none-any.whl (30 kB)
Collecting autobahn>=0.16.0
  Using cached autobahn-20.4.3-py2.py3-none-any.whl (1.1 MB)
Collecting PyJWT
  Using cached PyJWT-1.7.1-py2.py3-none-any.whl (18 kB)
Processing /home/dikey/.cache/pip/wheels/57/d0/2c/e2003abb5bc1a94c2e8a6fe1c03b8055d074e34c13672e7eb7/PyYAML-5.3.1-cp35-cp35m-linux_x86_64.whl
Collecting docutils<0.13.0
  Using cached docutils-0.12-py3-none-any.whl (508 kB)
Collecting sphinx<2.1.0,>1.4.0
  Using cached Sphinx-2.0.1-py2.py3-none-any.whl (3.2 MB)
Collecting sphinxcontrib-blockdiag
  Using cached sphinxcontrib_blockdiag-2.0.0-py2.py3-none-any.whl (6.8 kB)
Collecting sphinxcontrib-spelling
  Using cached sphinxcontrib_spelling-5.0.0-py3-none-any.whl (14 kB)
Collecting pyenchant
  Using cached pyenchant-3.1.0-py3-none-any.whl (55 kB)
Collecting sphinx-jinja
  Using cached sphinx_jinja-1.1.1-py3-none-any.whl (4.8 kB)
Processing /home/dikey/.cache/pip/wheels/14/46/06/7b14e596ac7eaa078975bfb476141a487186e899b71f1ff8bc/setuptools_trial-0.6.0-py3-none-any.whl
Collecting isort
  Using cached isort-4.3.21-py2.py3-none-any.whl (42 kB)
Collecting pylint<1.7.0
  Using cached pylint-1.6.5-py2.py3-none-any.whl (577 kB)
Collecting flake8~=2.6.0
  Using cached flake8-2.6.2-py2.py3-none-any.whl (38 kB)
Collecting treq
  Using cached treq-20.4.1-py2.py3-none-any.whl (55 kB)
Collecting txrequests
  Using cached txrequests-0.9.6-py2.py3-none-any.whl (6.9 kB)
Processing /home/dikey/.cache/pip/wheels/31/51/62/a7f4ce8d6d04c114f0ef088270391fd07690fcc4cd21063201/pyjade-4.0.0-py3-none-any.whl
Collecting boto3
  Downloading boto3-1.13.19-py2.py3-none-any.whl (128 kB)
Collecting moto
  Using cached moto-1.3.14-py2.py3-none-any.whl (730 kB)
Collecting mock>=2.0.0
  Using cached mock-3.0.5-py2.py3-none-any.whl (25 kB)
Collecting parameterized
  Using cached parameterized-0.7.4-py2.py3-none-any.whl (25 kB)
Collecting lz4
  Using cached lz4-3.0.2-cp35-cp35m-manylinux2010_x86_64.whl (1.8 MB)
Collecting pyopenssl>=16.0.0
  Using cached pyOpenSSL-19.1.0-py2.py3-none-any.whl (53 kB)
Collecting service_identity
  Using cached service_identity-18.1.0-py2.py3-none-any.whl (11 kB)
Collecting idna>=0.6
  Using cached idna-2.9-py2.py3-none-any.whl (58 kB)
Processing /home/dikey/.cache/pip/wheels/c4/f0/ae/d4689c4532d1f111462ed6a884a7767d502e511ee65f0d8e1b/future-0.18.2-py3-none-any.whl
Collecting pep8
  Using cached pep8-1.7.1-py2.py3-none-any.whl (41 kB)
Collecting six
  Using cached six-1.15.0-py2.py3-none-any.whl (10 kB)
Collecting pyparsing>=2.0.2
  Using cached pyparsing-2.4.7-py2.py3-none-any.whl (67 kB)
Collecting Click
  Using cached click-7.1.2-py2.py3-none-any.whl (82 kB)
Collecting toml
  Using cached toml-0.10.1-py2.py3-none-any.whl (19 kB)
Collecting incremental
  Using cached incremental-17.5.0-py2.py3-none-any.whl (16 kB)
Collecting attrs>=19.2.0
  Using cached attrs-19.3.0-py2.py3-none-any.whl (39 kB)
Collecting Automat>=0.3.0
  Using cached Automat-20.2.0-py2.py3-none-any.whl (31 kB)
Collecting hyperlink>=17.1.1
  Using cached hyperlink-19.0.0-py2.py3-none-any.whl (38 kB)
Collecting constantly>=15.1
  Using cached constantly-15.1.0-py2.py3-none-any.whl (7.9 kB)
Collecting PyHamcrest!=1.10.0,>=1.9.0
  Using cached PyHamcrest-2.0.2-py3-none-any.whl (52 kB)
Collecting MarkupSafe>=0.23
  Using cached MarkupSafe-1.1.1-cp35-cp35m-manylinux1_x86_64.whl (27 kB)
Collecting decorator
  Using cached decorator-4.4.2-py2.py3-none-any.whl (9.2 kB)
Processing /home/dikey/.cache/pip/wheels/99/6a/e8/4da644322a985eaa8cbafc363f96a464fcead133713028d912/Tempita-0.5.2-py3-none-any.whl
Collecting pbr>=1.8
  Using cached pbr-5.4.5-py2.py3-none-any.whl (110 kB)
Collecting sqlparse
  Using cached sqlparse-0.3.1-py2.py3-none-any.whl (40 kB)
Collecting cryptography>=2.7
  Using cached cryptography-2.9.2-cp35-abi3-manylinux2010_x86_64.whl (2.7 MB)
Collecting sphinxcontrib-applehelp
  Using cached sphinxcontrib_applehelp-1.0.2-py2.py3-none-any.whl (121 kB)
Collecting sphinxcontrib-devhelp
  Using cached sphinxcontrib_devhelp-1.0.2-py2.py3-none-any.whl (84 kB)
Collecting babel!=2.0,>=1.3
  Using cached Babel-2.8.0-py2.py3-none-any.whl (8.6 MB)
Collecting sphinxcontrib-htmlhelp
  Using cached sphinxcontrib_htmlhelp-1.0.3-py2.py3-none-any.whl (96 kB)
Collecting imagesize
  Using cached imagesize-1.2.0-py2.py3-none-any.whl (4.8 kB)
Collecting requests>=2.5.0
  Using cached requests-2.23.0-py2.py3-none-any.whl (58 kB)
Collecting alabaster<0.8,>=0.7
  Using cached alabaster-0.7.12-py2.py3-none-any.whl (14 kB)
Collecting sphinxcontrib-serializinghtml
  Using cached sphinxcontrib_serializinghtml-1.1.4-py2.py3-none-any.whl (89 kB)
Collecting sphinxcontrib-qthelp
  Using cached sphinxcontrib_qthelp-1.0.3-py2.py3-none-any.whl (90 kB)
Collecting Pygments>=2.0
  Using cached Pygments-2.6.1-py3-none-any.whl (914 kB)
Collecting snowballstemmer>=1.1
  Using cached snowballstemmer-2.0.0-py2.py3-none-any.whl (97 kB)
Collecting sphinxcontrib-jsmath
  Using cached sphinxcontrib_jsmath-1.0.1-py2.py3-none-any.whl (5.1 kB)
Collecting blockdiag>=1.5.0
  Using cached blockdiag-2.0.1-py3-none-any.whl (2.7 MB)
Collecting mccabe
  Using cached mccabe-0.6.1-py2.py3-none-any.whl (8.6 kB)
Collecting astroid<1.5.0,>=1.4.5
  Using cached astroid-1.4.9-py2.py3-none-any.whl (213 kB)
Collecting pyflakes!=1.2.0,!=1.2.1,!=1.2.2,<1.3,>=0.8.1
  Using cached pyflakes-1.2.3-py2.py3-none-any.whl (209 kB)
Collecting pycodestyle<2.1,>=2.0
  Using cached pycodestyle-2.0.0-py2.py3-none-any.whl (42 kB)
Collecting botocore<1.17.0,>=1.16.19
  Downloading botocore-1.16.19-py2.py3-none-any.whl (6.2 MB)
Collecting s3transfer<0.4.0,>=0.3.0
  Using cached s3transfer-0.3.3-py2.py3-none-any.whl (69 kB)
Collecting jmespath<1.0.0,>=0.7.1
  Using cached jmespath-0.10.0-py2.py3-none-any.whl (24 kB)
Collecting sshpubkeys<4.0,>=3.1.0
  Using cached sshpubkeys-3.1.0-py2.py3-none-any.whl (12 kB)
Processing /home/dikey/.cache/pip/wheels/20/1f/5e/90b093559e16f636aaede15b87615abb9473c659ab0c19f216/jsondiff-1.1.2-py3-none-any.whl
Collecting boto>=2.36.0
  Using cached boto-2.49.0-py2.py3-none-any.whl (1.4 MB)
Collecting python-jose<4.0.0
  Using cached python_jose-3.1.0-py2.py3-none-any.whl (26 kB)
Collecting responses>=0.9.0
  Using cached responses-0.10.14-py2.py3-none-any.whl (15 kB)
Collecting werkzeug
  Using cached Werkzeug-1.0.1-py2.py3-none-any.whl (298 kB)
Collecting pytz
  Using cached pytz-2020.1-py2.py3-none-any.whl (510 kB)
Collecting aws-xray-sdk!=0.96,>=0.93
  Using cached aws_xray_sdk-2.5.0-py2.py3-none-any.whl (94 kB)
Collecting docker>=2.5.1
  Using cached docker-4.2.0-py2.py3-none-any.whl (143 kB)
Collecting xmltodict
  Using cached xmltodict-0.12.0-py2.py3-none-any.whl (9.2 kB)
Collecting cfn-lint>=0.4.0
  Using cached cfn_lint-0.32.1-py3-none-any.whl (3.6 MB)
Collecting pyasn1-modules
  Using cached pyasn1_modules-0.2.8-py2.py3-none-any.whl (155 kB)
Collecting pyasn1
  Using cached pyasn1-0.4.8-py2.py3-none-any.whl (77 kB)
Collecting cffi!=1.11.3,>=1.8
  Using cached cffi-1.14.0-cp35-cp35m-manylinux1_x86_64.whl (399 kB)
Collecting certifi>=2017.4.17
  Using cached certifi-2020.4.5.1-py2.py3-none-any.whl (157 kB)
Collecting urllib3!=1.25.0,!=1.25.1,<1.26,>=1.21.1
  Using cached urllib3-1.25.9-py2.py3-none-any.whl (126 kB)
Collecting chardet<4,>=3.0.2
  Using cached chardet-3.0.4-py2.py3-none-any.whl (133 kB)
Processing /home/dikey/.cache/pip/wheels/d3/94/08/f29635d5d68d73cb04eb82616c373a419213392e688e7c3d26/funcparserlib-0.3.6-py3-none-any.whl
Collecting Pillow>3.0
  Using cached Pillow-7.1.2-cp35-cp35m-manylinux1_x86_64.whl (2.1 MB)
Collecting webcolors
  Using cached webcolors-1.11.1-py3-none-any.whl (9.9 kB)
Collecting lazy-object-proxy
  Using cached lazy_object_proxy-1.4.3-cp35-cp35m-manylinux1_x86_64.whl (55 kB)
Processing /home/dikey/.cache/pip/wheels/b8/2d/88/2fb764a7404287819251978fbfe4cacf9b4d8a1d41fce5dd97/wrapt-1.12.1-cp35-cp35m-linux_x86_64.whl
Collecting ecdsa>=0.13
  Using cached ecdsa-0.15-py2.py3-none-any.whl (100 kB)
Collecting rsa
  Using cached rsa-4.0-py2.py3-none-any.whl (38 kB)
Collecting jsonpickle
  Using cached jsonpickle-1.4.1-py2.py3-none-any.whl (36 kB)
Collecting websocket-client>=0.32.0
  Using cached websocket_client-0.57.0-py2.py3-none-any.whl (200 kB)
Collecting importlib-resources~=1.4; python_version < "3.7" and python_version != "3.4"
  Using cached importlib_resources-1.5.0-py2.py3-none-any.whl (21 kB)
Collecting networkx~=2.4; python_version >= "3.5"
  Using cached networkx-2.4-py3-none-any.whl (1.6 MB)
Collecting junit-xml~=1.9
  Using cached junit_xml-1.9-py2.py3-none-any.whl (7.1 kB)
Collecting jsonpatch; python_version != "3.4"
  Using cached jsonpatch-1.25-py2.py3-none-any.whl (11 kB)
Collecting jsonschema~=3.0
  Using cached jsonschema-3.2.0-py2.py3-none-any.whl (56 kB)
Collecting aws-sam-translator>=1.23.0
  Downloading aws_sam_translator-1.24.0-py3-none-any.whl (181 kB)
Collecting pycparser
  Using cached pycparser-2.20-py2.py3-none-any.whl (112 kB)
Collecting importlib-metadata
  Using cached importlib_metadata-1.6.0-py2.py3-none-any.whl (30 kB)
Collecting zipp>=0.4; python_version < "3.8"
  Using cached zipp-1.2.0-py2.py3-none-any.whl (4.8 kB)
Collecting jsonpointer>=1.9
  Using cached jsonpointer-2.0-py2.py3-none-any.whl (7.6 kB)
Processing /home/dikey/.cache/pip/wheels/f1/3d/7d/164146cafaba2e9030e2a28c54ed76aa13363cd339fa700687/pyrsistent-0.16.0-cp35-cp35m-linux_x86_64.whl
ERROR: moto 1.3.14 has requirement idna<2.9,>=2.5, but you'll have idna 2.9 which is incompatible.
ERROR: flake8 2.6.2 has requirement mccabe<0.6,>=0.2.1, but you'll have mccabe 0.6.1 which is incompatible.
Installing collected packages: attrs, incremental, six, Automat, zope.interface, idna, hyperlink, constantly, PyHamcrest, Twisted, MarkupSafe, Jinja2, sqlalchemy, decorator, Tempita, pbr, sqlparse, sqlalchemy-migrate, python-dateutil, txaio, pycparser, cffi, cryptography, autobahn, PyJWT, pyyaml, docutils, sphinxcontrib-applehelp, sphinxcontrib-devhelp, pytz, babel, sphinxcontrib-htmlhelp, imagesize, certifi, urllib3, chardet, requests, pyparsing, packaging, alabaster, sphinxcontrib-serializinghtml, sphinxcontrib-qthelp, Pygments, snowballstemmer, sphinxcontrib-jsmath, sphinx, funcparserlib, Pillow, webcolors, blockdiag, sphinxcontrib-blockdiag, pyenchant, sphinxcontrib-spelling, sphinx-jinja, Click, toml, towncrier, setuptools-trial, isort, mccabe, lazy-object-proxy, wrapt, astroid, pylint, pyflakes, pycodestyle, flake8, treq, txrequests, pyjade, jmespath, botocore, s3transfer, boto3, mock, ecdsa, sshpubkeys, jsondiff, boto, pyasn1, rsa, python-jose, responses, werkzeug, zipp, importlib-metadata, jsonpickle, future, aws-xray-sdk, websocket-client, docker, xmltodict, importlib-resources, networkx, junit-xml, jsonpointer, jsonpatch, pyrsistent, jsonschema, aws-sam-translator, cfn-lint, moto, parameterized, lz4, pyopenssl, pyasn1-modules, service-identity, buildbot, buildbot-www, buildbot-pkg, pep8, buildbot-worker
  Running setup.py develop for buildbot
  Running setup.py develop for buildbot-pkg
  Running setup.py develop for buildbot-worker
Successfully installed Automat-20.2.0 Click-7.1.2 Jinja2-2.11.2 MarkupSafe-1.1.1 Pillow-7.1.2 PyHamcrest-2.0.2 PyJWT-1.7.1 Pygments-2.6.1 Tempita-0.5.2 Twisted-20.3.0 alabaster-0.7.12 astroid-1.4.9 attrs-19.3.0 autobahn-20.4.3 aws-sam-translator-1.24.0 aws-xray-sdk-2.5.0 babel-2.8.0 blockdiag-2.0.1 boto-2.49.0 boto3-1.13.19 botocore-1.16.19 buildbot buildbot-pkg buildbot-worker buildbot-www-2.8.0 certifi-2020.4.5.1 cffi-1.14.0 cfn-lint-0.32.1 chardet-3.0.4 constantly-15.1.0 cryptography-2.9.2 decorator-4.4.2 docker-4.2.0 docutils-0.12 ecdsa-0.15 flake8-2.6.2 funcparserlib-0.3.6 future-0.18.2 hyperlink-19.0.0 idna-2.9 imagesize-1.2.0 importlib-metadata-1.6.0 importlib-resources-1.5.0 incremental-17.5.0 isort-4.3.21 jmespath-0.10.0 jsondiff-1.1.2 jsonpatch-1.25 jsonpickle-1.4.1 jsonpointer-2.0 jsonschema-3.2.0 junit-xml-1.9 lazy-object-proxy-1.4.3 lz4-3.0.2 mccabe-0.6.1 mock-3.0.5 moto-1.3.14 networkx-2.4 packaging-20.4 parameterized-0.7.4 pbr-5.4.5 pep8-1.7.1 pyasn1-0.4.8 pyasn1-modules-0.2.8 pycodestyle-2.0.0 pycparser-2.20 pyenchant-3.1.0 pyflakes-1.2.3 pyjade-4.0.0 pylint-1.6.5 pyopenssl-19.1.0 pyparsing-2.4.7 pyrsistent-0.16.0 python-dateutil-2.8.1 python-jose-3.1.0 pytz-2020.1 pyyaml-5.3.1 requests-2.23.0 responses-0.10.14 rsa-4.0 s3transfer-0.3.3 service-identity-18.1.0 setuptools-trial-0.6.0 six-1.15.0 snowballstemmer-2.0.0 sphinx-2.0.1 sphinx-jinja-1.1.1 sphinxcontrib-applehelp-1.0.2 sphinxcontrib-blockdiag-2.0.0 sphinxcontrib-devhelp-1.0.2 sphinxcontrib-htmlhelp-1.0.3 sphinxcontrib-jsmath-1.0.1 sphinxcontrib-qthelp-1.0.3 sphinxcontrib-serializinghtml-1.1.4 sphinxcontrib-spelling-5.0.0 sqlalchemy-1.3.17 sqlalchemy-migrate-0.13.0 sqlparse-0.3.1 sshpubkeys-3.1.0 toml-0.10.1 towncrier-19.2.0 treq-20.4.1 txaio-20.4.1 txrequests-0.9.6 urllib3-1.25.9 webcolors-1.11.1 websocket-client-0.57.0 werkzeug-1.0.1 wrapt-1.12.1 xmltodict-0.12.0 zipp-1.2.0 zope.interface-5.1.0
now you can type following command to activate your virtualenv
. .venv/bin/activate
